  Case.cpp
Case.cpp(11): warning C4244: 'argument' : conversion de 'int' en 'float', perte possible de données
Case.cpp(42): warning C4244: 'argument' : conversion de 'int' en 'float', perte possible de données
  Game.cpp
Game.cpp(223): warning C4244: 'argument' : conversion de 'float' en 'int', perte possible de données
Game.cpp(272): warning C4244: 'argument' : conversion de 'float' en 'int', perte possible de données
  IAPrologScriptComponent.cpp
  Main.cpp
  Pawn.cpp
Pawn.cpp(26): warning C4244: 'argument' : conversion de 'int' en 'float', perte possible de données
Pawn.cpp(41): warning C4244: 'argument' : conversion de 'int' en 'float', perte possible de données
  PlayerPrologScriptComponent.cpp
  PrologHelper.cpp
PrologHelper.cpp(26): warning C4800: 'int' : valeur forcée à la valeur booléenne 'true' ou 'false' (avertissement sur les performances)
PrologHelper.cpp(47): warning C4800: 'int' : valeur forcée à la valeur booléenne 'true' ou 'false' (avertissement sur les performances)
PrologHelper.cpp(64): warning C4800: 'int' : valeur forcée à la valeur booléenne 'true' ou 'false' (avertissement sur les performances)
PrologHelper.cpp(79): warning C4018: '<' : incompatibilité signed/unsigned
  Génération de code en cours
  297 of 1811 functions (16.4%) were compiled, the rest were copied from previous compilation.
    121 functions were new in current compilation
    70 functions had inline decision re-evaluated but remain unchanged
  Fin de la génération du code
  Force3_IA41.vcxproj -> C:\Users\tgred\Documents\Programmation\C++\Force3_IA41\Release\Force3_IA41.exe
  Force3_IA41.vcxproj -> C:\Users\tgred\Documents\Programmation\C++\Force3_IA41\Release\Force3_IA41.pdb (Full PDB)
